{"C:\\Users\\kadek-darmayasa\\hivemind\\src\\components\\Accordion\\index.tsx": {"path":"C:\\Users\\kadek-darmayasa\\hivemind\\src\\components\\Accordion\\index.tsx","statementMap":{"0":{"start":{"line":11,"column":24},"end":{"line":11,"column":30}},"1":{"start":{"line":1,"column":25},"end":{"line":1,"column":null}},"2":{"start":{"line":6,"column":7},"end":{"line":6,"column":null}},"3":{"start":{"line":7,"column":17},"end":{"line":7,"column":null}},"4":{"start":{"line":9,"column":17},"end":{"line":9,"column":null}},"5":{"start":{"line":12,"column":42},"end":{"line":12,"column":null}},"6":{"start":{"line":14,"column":29},"end":{"line":21,"column":null}},"7":{"start":{"line":15,"column":4},"end":{"line":20,"column":5}},"8":{"start":{"line":16,"column":18},"end":{"line":16,"column":null}},"9":{"start":{"line":16,"column":46},"end":{"line":16,"column":null}},"10":{"start":{"line":17,"column":6},"end":{"line":17,"column":null}},"11":{"start":{"line":19,"column":6},"end":{"line":19,"column":null}},"12":{"start":{"line":26,"column":8},"end":{"line":26,"column":null}},"13":{"start":{"line":28,"column":44},"end":{"line":28,"column":71}}},"fnMap":{"0":{"name":"Index","decl":{"start":{"line":11,"column":24},"end":{"line":11,"column":30}},"loc":{"start":{"line":11,"column":75},"end":{"line":39,"column":null}}},"1":{"name":"(anonymous_3)","decl":{"start":{"line":14,"column":29},"end":{"line":14,"column":30}},"loc":{"start":{"line":14,"column":54},"end":{"line":21,"column":null}}},"2":{"name":"(anonymous_4)","decl":{"start":{"line":16,"column":38},"end":{"line":16,"column":46}},"loc":{"start":{"line":16,"column":46},"end":{"line":16,"column":null}}},"3":{"name":"(anonymous_5)","decl":{"start":{"line":25,"column":16},"end":{"line":25,"column":17}},"loc":{"start":{"line":26,"column":8},"end":{"line":26,"column":null}}},"4":{"name":"(anonymous_6)","decl":{"start":{"line":28,"column":38},"end":{"line":28,"column":44}},"loc":{"start":{"line":28,"column":44},"end":{"line":28,"column":71}}}},"branchMap":{"0":{"loc":{"start":{"line":15,"column":4},"end":{"line":20,"column":5}},"type":"if","locations":[{"start":{"line":15,"column":4},"end":{"line":20,"column":5}},{"start":{"line":18,"column":11},"end":{"line":20,"column":5}}]},"1":{"loc":{"start":{"line":27,"column":152},"end":{"line":27,"column":205}},"type":"cond-expr","locations":[{"start":{"line":27,"column":183},"end":{"line":27,"column":203}},{"start":{"line":27,"column":203},"end":{"line":27,"column":205}}]},"2":{"loc":{"start":{"line":28,"column":133},"end":{"line":28,"column":209}},"type":"cond-expr","locations":[{"start":{"line":28,"column":164},"end":{"line":28,"column":190}},{"start":{"line":28,"column":190},"end":{"line":28,"column":209}}]}},"s":{"0":1,"1":1,"2":1,"3":1,"4":1,"5":3,"6":3,"7":2,"8":1,"9":2,"10":1,"11":1,"12":6,"13":2},"f":{"0":3,"1":2,"2":2,"3":6,"4":2},"b":{"0":[1,1],"1":[4,2],"2":[4,2]}}
,"C:\\Users\\kadek-darmayasa\\hivemind\\src\\components\\Accordion\\Icon\\index.tsx": {"path":"C:\\Users\\kadek-darmayasa\\hivemind\\src\\components\\Accordion\\Icon\\index.tsx","statementMap":{"0":{"start":{"line":1,"column":24},"end":{"line":1,"column":29}}},"fnMap":{"0":{"name":"Icon","decl":{"start":{"line":1,"column":24},"end":{"line":1,"column":29}},"loc":{"start":{"line":1,"column":104},"end":{"line":15,"column":null}}}},"branchMap":{"0":{"loc":{"start":{"line":5,"column":20},"end":{"line":5,"column":65}},"type":"cond-expr","locations":[{"start":{"line":5,"column":48},"end":{"line":5,"column":63}},{"start":{"line":5,"column":63},"end":{"line":5,"column":65}}]}},"s":{"0":6},"f":{"0":6},"b":{"0":[4,2]}}
}
