{"C:\\Users\\kadek-darmayasa\\hivemind\\src\\components\\Navbar\\NavigationMenu\\index.tsx": {"path":"C:\\Users\\kadek-darmayasa\\hivemind\\src\\components\\Navbar\\NavigationMenu\\index.tsx","statementMap":{"0":{"start":{"line":9,"column":24},"end":{"line":9,"column":39}},"1":{"start":{"line":1,"column":17},"end":{"line":1,"column":null}},"2":{"start":{"line":2,"column":26},"end":{"line":2,"column":null}},"3":{"start":{"line":3,"column":28},"end":{"line":3,"column":null}},"4":{"start":{"line":4,"column":40},"end":{"line":4,"column":null}},"5":{"start":{"line":6,"column":47},"end":{"line":6,"column":null}},"6":{"start":{"line":7,"column":39},"end":{"line":7,"column":null}},"7":{"start":{"line":10,"column":17},"end":{"line":10,"column":null}},"8":{"start":{"line":11,"column":19},"end":{"line":11,"column":null}},"9":{"start":{"line":12,"column":17},"end":{"line":12,"column":null}},"10":{"start":{"line":14,"column":2},"end":{"line":56,"column":3}},"11":{"start":{"line":16,"column":196},"end":{"line":16,"column":222}},"12":{"start":{"line":16,"column":242},"end":{"line":16,"column":null}},"13":{"start":{"line":29,"column":25},"end":{"line":29,"column":46}},"14":{"start":{"line":31,"column":12},"end":{"line":32,"column":30}},"15":{"start":{"line":35,"column":33},"end":{"line":35,"column":null}},"16":{"start":{"line":50,"column":43},"end":{"line":50,"column":62}}},"fnMap":{"0":{"name":"NavigationMenu","decl":{"start":{"line":9,"column":24},"end":{"line":9,"column":39}},"loc":{"start":{"line":9,"column":114},"end":{"line":57,"column":null}}},"1":{"name":"(anonymous_3)","decl":{"start":{"line":16,"column":190},"end":{"line":16,"column":196}},"loc":{"start":{"line":16,"column":196},"end":{"line":16,"column":222}}},"2":{"name":"(anonymous_4)","decl":{"start":{"line":16,"column":236},"end":{"line":16,"column":242}},"loc":{"start":{"line":16,"column":242},"end":{"line":16,"column":null}}},"3":{"name":"(anonymous_5)","decl":{"start":{"line":28,"column":23},"end":{"line":28,"column":24}},"loc":{"start":{"line":28,"column":40},"end":{"line":42,"column":null}}},"4":{"name":"(anonymous_6)","decl":{"start":{"line":35,"column":27},"end":{"line":35,"column":33}},"loc":{"start":{"line":35,"column":33},"end":{"line":35,"column":null}}},"5":{"name":"(anonymous_7)","decl":{"start":{"line":50,"column":37},"end":{"line":50,"column":43}},"loc":{"start":{"line":50,"column":43},"end":{"line":50,"column":62}}}},"branchMap":{"0":{"loc":{"start":{"line":14,"column":2},"end":{"line":56,"column":3}},"type":"if","locations":[{"start":{"line":14,"column":2},"end":{"line":56,"column":3}},{"start":{"line":46,"column":9},"end":{"line":56,"column":3}}]},"1":{"loc":{"start":{"line":16,"column":94},"end":{"line":16,"column":172}},"type":"cond-expr","locations":[{"start":{"line":16,"column":159},"end":{"line":16,"column":170}},{"start":{"line":16,"column":170},"end":{"line":16,"column":172}}]},"2":{"loc":{"start":{"line":16,"column":94},"end":{"line":16,"column":159}},"type":"binary-expr","locations":[{"start":{"line":16,"column":94},"end":{"line":16,"column":115}},{"start":{"line":16,"column":115},"end":{"line":16,"column":159}}]},"3":{"loc":{"start":{"line":26,"column":157},"end":{"line":26,"column":222}},"type":"cond-expr","locations":[{"start":{"line":26,"column":177},"end":{"line":26,"column":203}},{"start":{"line":26,"column":203},"end":{"line":26,"column":222}}]},"4":{"loc":{"start":{"line":32,"column":53},"end":{"line":32,"column":72}},"type":"cond-expr","locations":[{"start":{"line":32,"column":61},"end":{"line":32,"column":70}},{"start":{"line":32,"column":70},"end":{"line":32,"column":72}}]},"5":{"loc":{"start":{"line":32,"column":76},"end":{"line":32,"column":114}},"type":"cond-expr","locations":[{"start":{"line":32,"column":101},"end":{"line":32,"column":112}},{"start":{"line":32,"column":112},"end":{"line":32,"column":114}}]},"6":{"loc":{"start":{"line":48,"column":94},"end":{"line":48,"column":128}},"type":"binary-expr","locations":[{"start":{"line":48,"column":94},"end":{"line":48,"column":119}},{"start":{"line":48,"column":119},"end":{"line":48,"column":128}}]}},"s":{"0":2,"1":1,"2":1,"3":1,"4":1,"5":1,"6":1,"7":5,"8":5,"9":5,"10":5,"11":1,"12":1,"13":9,"14":9,"15":0,"16":1},"f":{"0":5,"1":1,"2":1,"3":9,"4":0,"5":1},"b":{"0":[3,2],"1":[1,2],"2":[3,2],"3":[1,2],"4":[6,3],"5":[0,9],"6":[2,1]}}
,"C:\\Users\\kadek-darmayasa\\hivemind\\src\\hooks\\reduxHooks.ts": {"path":"C:\\Users\\kadek-darmayasa\\hivemind\\src\\hooks\\reduxHooks.ts","statementMap":{"0":{"start":{"line":4,"column":13},"end":{"line":4,"column":27}},"1":{"start":{"line":5,"column":13},"end":{"line":5,"column":27}},"2":{"start":{"line":1,"column":63},"end":{"line":1,"column":null}},"3":{"start":{"line":4,"column":49},"end":{"line":4,"column":60}},"4":{"start":{"line":5,"column":63},"end":{"line":5,"column":74}}},"fnMap":{},"branchMap":{},"s":{"0":5,"1":5,"2":1,"3":1,"4":1},"f":{},"b":{}}
,"C:\\Users\\kadek-darmayasa\\hivemind\\src\\slices\\dropdownSlice.ts": {"path":"C:\\Users\\kadek-darmayasa\\hivemind\\src\\slices\\dropdownSlice.ts","statementMap":{"0":{"start":{"line":12,"column":13},"end":{"line":12,"column":26}},"1":{"start":{"line":22,"column":15},"end":{"line":22,"column":21}},"2":{"start":{"line":23,"column":13},"end":{"line":23,"column":27}},"3":{"start":{"line":24,"column":0},"end":{"line":24,"column":15}},"4":{"start":{"line":1,"column":43},"end":{"line":1,"column":null}},"5":{"start":{"line":8,"column":36},"end":{"line":10,"column":null}},"6":{"start":{"line":12,"column":29},"end":{"line":20,"column":null}},"7":{"start":{"line":17,"column":6},"end":{"line":17,"column":null}},"8":{"start":{"line":22,"column":26},"end":{"line":22,"column":47}},"9":{"start":{"line":23,"column":30},"end":{"line":23,"column":73}},"10":{"start":{"line":23,"column":52},"end":{"line":23,"column":73}},"11":{"start":{"line":24,"column":15},"end":{"line":24,"column":36}}},"fnMap":{"0":{"name":"(anonymous_5)","decl":{"start":{"line":16,"column":12},"end":{"line":16,"column":13}},"loc":{"start":{"line":16,"column":64},"end":{"line":18,"column":null}}},"1":{"name":"(anonymous_6)","decl":{"start":{"line":23,"column":30},"end":{"line":23,"column":31}},"loc":{"start":{"line":23,"column":52},"end":{"line":23,"column":73}}}},"branchMap":{},"s":{"0":0,"1":2,"2":5,"3":1,"4":1,"5":1,"6":1,"7":2,"8":1,"9":1,"10":4,"11":1},"f":{"0":2,"1":4},"b":{}}
,"C:\\Users\\kadek-darmayasa\\hivemind\\src\\store\\index.ts": {"path":"C:\\Users\\kadek-darmayasa\\hivemind\\src\\store\\index.ts","statementMap":{"0":{"start":{"line":14,"column":16},"end":{"line":14,"column":27}},"1":{"start":{"line":5,"column":7},"end":{"line":5,"column":null}},"2":{"start":{"line":7,"column":28},"end":{"line":7,"column":null}},"3":{"start":{"line":10,"column":20},"end":{"line":12,"column":null}},"4":{"start":{"line":15,"column":2},"end":{"line":18,"column":null}}},"fnMap":{"0":{"name":"setupStore","decl":{"start":{"line":14,"column":16},"end":{"line":14,"column":27}},"loc":{"start":{"line":14,"column":71},"end":{"line":19,"column":null}}}},"branchMap":{},"s":{"0":2,"1":1,"2":1,"3":1,"4":2},"f":{"0":2},"b":{}}
,"C:\\Users\\kadek-darmayasa\\hivemind\\src\\utils\\test-utils.tsx": {"path":"C:\\Users\\kadek-darmayasa\\hivemind\\src\\utils\\test-utils.tsx","statementMap":{"0":{"start":{"line":17,"column":16},"end":{"line":17,"column":null}},"1":{"start":{"line":1,"column":41},"end":{"line":1,"column":null}},"2":{"start":{"line":2,"column":23},"end":{"line":2,"column":null}},"3":{"start":{"line":5,"column":25},"end":{"line":5,"column":null}},"4":{"start":{"line":7,"column":27},"end":{"line":7,"column":null}},"5":{"start":{"line":31,"column":4},"end":{"line":31,"column":null}}},"fnMap":{"0":{"name":"renderWithProviders","decl":{"start":{"line":17,"column":16},"end":{"line":17,"column":null}},"loc":{"start":{"line":25,"column":2},"end":{"line":32,"column":null}}},"1":{"name":"Wrapper","decl":{"start":{"line":26,"column":13},"end":{"line":26,"column":21}},"loc":{"start":{"line":26,"column":71},"end":{"line":28,"column":null}}}},"branchMap":{"0":{"loc":{"start":{"line":19,"column":4},"end":{"line":24,"column":33}},"type":"default-arg","locations":[{"start":{"line":24,"column":31},"end":{"line":24,"column":33}}]},"1":{"loc":{"start":{"line":20,"column":8},"end":{"line":20,"column":27}},"type":"default-arg","locations":[{"start":{"line":20,"column":25},"end":{"line":20,"column":27}}]},"2":{"loc":{"start":{"line":22,"column":8},"end":{"line":22,"column":42}},"type":"default-arg","locations":[{"start":{"line":22,"column":16},"end":{"line":22,"column":42}}]}},"s":{"0":2,"1":1,"2":1,"3":1,"4":1,"5":2},"f":{"0":2,"1":2},"b":{"0":[2],"1":[2],"2":[2]}}
}
