TN:
SF:src\components\Navbar\NavigationMenu\index.tsx
FN:9,NavigationMenu
FN:16,(anonymous_3)
FN:16,(anonymous_4)
FN:28,(anonymous_5)
FN:35,(anonymous_6)
FN:50,(anonymous_7)
FNF:6
FNH:5
FNDA:5,NavigationMenu
FNDA:1,(anonymous_3)
FNDA:1,(anonymous_4)
FNDA:9,(anonymous_5)
FNDA:0,(anonymous_6)
FNDA:1,(anonymous_7)
DA:1,1
DA:2,1
DA:3,1
DA:4,1
DA:6,1
DA:7,1
DA:9,2
DA:10,5
DA:11,5
DA:12,5
DA:14,5
DA:16,1
DA:29,9
DA:31,9
DA:35,0
DA:50,1
LF:16
LH:15
BRDA:14,0,0,3
BRDA:14,0,1,2
BRDA:16,1,0,1
BRDA:16,1,1,2
BRDA:16,2,0,3
BRDA:16,2,1,2
BRDA:26,3,0,1
BRDA:26,3,1,2
BRDA:32,4,0,6
BRDA:32,4,1,3
BRDA:32,5,0,0
BRDA:32,5,1,9
BRDA:48,6,0,2
BRDA:48,6,1,1
BRF:14
BRH:13
end_of_record
TN:
SF:src\hooks\reduxHooks.ts
FNF:0
FNH:0
DA:1,1
DA:4,5
DA:5,5
LF:3
LH:3
BRF:0
BRH:0
end_of_record
TN:
SF:src\slices\dropdownSlice.ts
FN:16,(anonymous_5)
FN:23,(anonymous_6)
FNF:2
FNH:2
FNDA:2,(anonymous_5)
FNDA:4,(anonymous_6)
DA:1,1
DA:8,1
DA:12,1
DA:17,2
DA:22,2
DA:23,5
DA:24,1
LF:7
LH:7
BRF:0
BRH:0
end_of_record
TN:
SF:src\store\index.ts
FN:14,setupStore
FNF:1
FNH:1
FNDA:2,setupStore
DA:5,1
DA:7,1
DA:10,1
DA:14,2
DA:15,2
LF:5
LH:5
BRF:0
BRH:0
end_of_record
TN:
SF:src\utils\test-utils.tsx
FN:17,renderWithProviders
FN:26,Wrapper
FNF:2
FNH:2
FNDA:2,renderWithProviders
FNDA:2,Wrapper
DA:1,1
DA:2,1
DA:5,1
DA:7,1
DA:17,2
DA:31,2
LF:6
LH:6
BRDA:19,0,0,2
BRDA:20,1,0,2
BRDA:22,2,0,2
BRF:3
BRH:3
end_of_record
