TN:
SF:src\components\Accordion\index.tsx
FN:11,Index
FN:14,(anonymous_3)
FN:16,(anonymous_4)
FN:25,(anonymous_5)
FN:28,(anonymous_6)
FNF:5
FNH:5
FNDA:3,Index
FNDA:2,(anonymous_3)
FNDA:2,(anonymous_4)
FNDA:6,(anonymous_5)
FNDA:2,(anonymous_6)
DA:1,1
DA:6,1
DA:7,1
DA:9,1
DA:11,1
DA:12,3
DA:14,3
DA:15,2
DA:16,2
DA:17,1
DA:19,1
DA:26,6
DA:28,2
LF:13
LH:13
BRDA:15,0,0,1
BRDA:15,0,1,1
BRDA:27,1,0,4
BRDA:27,1,1,2
BRDA:28,2,0,4
BRDA:28,2,1,2
BRF:6
BRH:6
end_of_record
TN:
SF:src\components\Accordion\Icon\index.tsx
FN:1,Icon
FNF:1
FNH:1
FNDA:6,Icon
DA:1,6
LF:1
LH:1
BRDA:5,0,0,4
BRDA:5,0,1,2
BRF:2
BRH:2
end_of_record
